Jul 1, 2013 2:26:10 PM org.apache.catalina.loader.WebappClassLoader loadClass
INFO: Illegal access: this web application instance has been stopped already.  Could not load com.mysql.jdbc.SQLError. 
 The eventual following stack trace is caused by an error thrown for debugging purposes as well as to attempt to termin
ate the thread which caused the illegal access, and has no functional impact.
java.lang.IllegalStateException
        at org.apache.catalina.loader.WebappClassLoader.loadClass(WebappClassLoader.java:1566)
        at org.apache.catalina.loader.WebappClassLoader.loadClass(WebappClassLoader.java:1526)
        at com.mysql.jdbc.MysqlIO.send(MysqlIO.java:3352)
        at com.mysql.jdbc.MysqlIO.sendCommand(MysqlIO.java:1971)
        at com.mysql.jdbc.MysqlIO.sqlQueryDirect(MysqlIO.java:2151)
        at com.mysql.jdbc.ConnectionImpl.execSQL(ConnectionImpl.java:2619)
        at com.mysql.jdbc.ConnectionImpl.setTransactionIsolation(ConnectionImpl.java:5282)
        at com.mchange.v2.c3p0.impl.NewPooledConnection.reset(NewPooledConnection.java:433)
        at com.mchange.v2.c3p0.impl.NewPooledConnection.markClosedProxyConnection(NewPooledConnection.java:386)
        at com.mchange.v2.c3p0.impl.NewProxyConnection.close(NewProxyConnection.java:96)
        at edu.cornell.mannlib.vitro.webapp.dao.jena.RegeneratingGraph.close(RegeneratingGraph.java:89)
        at edu.cornell.mannlib.vitro.webapp.dao.jena.RegeneratingGraph.finalize(RegeneratingGraph.java:82)
        at java.lang.ref.Finalizer.invokeFinalizeMethod(Native Method)
        at java.lang.ref.Finalizer.runFinalizer(Finalizer.java:83)
        at java.lang.ref.Finalizer.access$100(Finalizer.java:14)
        at java.lang.ref.Finalizer$FinalizerThread.run(Finalizer.java:172)
Tue Sep 24 13:48:31 MDT 2013 a disaster occurred!
Jul 1, 2013 2:26:10 PM org.apache.catalina.loader.WebappClassLoader loadClass
INFO: Illegal access: this web application instance has been stopped already.  Could not load com.mchange.v2.sql.SqlUtils.  The eventual following stack trace is caused by an error thrown for debugging purposes as well as to attempt to terminate the thread which caused the illegal access, and has no functional impact.
java.lang.IllegalStateException
        at org.apache.catalina.loader.WebappClassLoader.loadClass(WebappClassLoader.java:1566)
        at org.apache.catalina.loader.WebappClassLoader.loadClass(WebappClassLoader.java:1526)
        at com.mysql.jdbc.MysqlIO.send(MysqlIO.java:3352)
        at com.mysql.jdbc.MysqlIO.sendCommand(MysqlIO.java:1971)
        at com.mysql.jdbc.MysqlIO.sqlQueryDirect(MysqlIO.java:2151)
